<?xml version="1.0" encoding="UTF-8"?>
<testsuite name="com.gym.smoke.SmokeTest" tests="1" skipped="0" failures="0" errors="0" timestamp="2025-08-27T09:09:13.574Z" hostname="KSH" time="0.824">
  <properties/>
  <testcase name="contextLoads_and_memberMapper_select_one()" classname="com.gym.smoke.SmokeTest" time="0.824"/>
  <system-out><![CDATA[2025-08-27 18:09:13.080 INFO  [Test worker] o.s.t.c.s.AnnotationConfigContextLoaderUtils - Could not detect default configuration classes for test class [com.gym.smoke.SmokeTest]: SmokeTest does not declare any static, non-private, non-final, nested classes annotated with @Configuration.
2025-08-27 18:09:13.102 INFO  [Test worker] o.s.b.t.c.SpringBootTestContextBootstrapper - Found @SpringBootConfiguration com.gym.BackendApplication for test class com.gym.smoke.SmokeTest

  .   ____          _            __ _ _
 /\\ / ___'_ __ _ _(_)_ __  __ _ \ \ \ \
( ( )\___ | '_ | '_| | '_ \/ _` | \ \ \ \
 \\/  ___)| |_)| | | | | || (_| |  ) ) ) )
  '  |____| .__|_| |_|_| |_\__, | / / / /
 =========|_|==============|___/=/_/_/_/

 :: Spring Boot ::                (v3.4.9)

2025-08-27 18:09:13.160 INFO  [Test worker] c.g.s.SmokeTest - Starting SmokeTest using Java 17.0.14 with PID 21120 (started by kimsooheon in D:\developer_project\gym_reservation\backend)
2025-08-27 18:09:13.161 INFO  [Test worker] c.g.s.SmokeTest - No active profile set, falling back to 1 default profile: "default"
2025-08-27 18:09:13.414 DEBUG [Test worker] o.m.s.m.ClassPathMapperScanner - Identified candidate component class: file [D:\developer_project\gym_reservation\backend\build\classes\java\main\com\gym\mapper\annotation\MemberMapper.class]
2025-08-27 18:09:13.415 DEBUG [Test worker] o.m.s.m.ClassPathMapperScanner - Creating MapperFactoryBean with name 'memberMapper' and 'com.gym.mapper.annotation.MemberMapper' mapperInterface
2025-08-27 18:09:13.415 DEBUG [Test worker] o.m.s.m.ClassPathMapperScanner - Enabling autowire by type for MapperFactoryBean with name 'memberMapper'.
2025-08-27 18:09:13.464 DEBUG [Test worker] o.m.s.SqlSessionFactoryBean - Property 'mapperLocations' was not specified.
2025-08-27 18:09:13.570 INFO  [Test worker] c.g.s.SmokeTest - Started SmokeTest in 0.458 seconds (process running for 5.704)
2025-08-27 18:09:13.599 DEBUG [Test worker] o.m.s.SqlSessionUtils - Creating a new SqlSession
2025-08-27 18:09:13.607 DEBUG [Test worker] o.m.s.SqlSessionUtils - SqlSession [org.apache.ibatis.session.defaults.DefaultSqlSession@707b38a1] was not registered for synchronization because synchronization is not active
2025-08-27 18:09:13.624 INFO  [Test worker] c.z.h.HikariDataSource - HikariPool-1 - Starting...
2025-08-27 18:09:14.064 INFO  [Test worker] c.z.h.p.HikariPool - HikariPool-1 - Added connection oracle.jdbc.driver.T4CConnection@240f712e
2025-08-27 18:09:14.069 INFO  [Test worker] c.z.h.HikariDataSource - HikariPool-1 - Start completed.
2025-08-27 18:09:14.079 DEBUG [Test worker] o.m.s.t.SpringManagedTransaction - JDBC Connection [HikariProxyConnection@23660841 wrapping oracle.jdbc.driver.T4CConnection@240f712e] will not be managed by Spring
2025-08-27 18:09:14.353 DEBUG [Test worker] o.m.s.SqlSessionUtils - Closing non transactional SqlSession [org.apache.ibatis.session.defaults.DefaultSqlSession@707b38a1]
2025-08-27 18:09:14.365 INFO  [Test worker] c.g.s.SmokeTest - [SMOKE][TEST] memberMapper.findById('hong10') => Member(memberId=hong10, memberPw=1234, memberName=홍길동10, memberGender=m, memberEmail=hong10@example.com, memberMobile=010-1010-1010, memberPhone=02-510-1010, zip=08395, roadAddress=서울특별시 구로구 새말로9길 45, jibunAddress=서울특별시 구로구 구로동 123-45, detailAddress=101동 110호, memberBirthday=1990-09-28, memberManipay=account, memberJoindate=2025-08-18, memberRole=admin, adminType=관리자)
]]></system-out>
  <system-err><![CDATA[]]></system-err>
</testsuite>
