<?xml version="1.0" encoding="UTF-8"?>
<testsuite name="com.gym.BackendApplicationTests" tests="1" skipped="0" failures="0" errors="0" timestamp="2025-08-27T09:09:11.878Z" hostname="KSH" time="1.191">
  <properties/>
  <testcase name="contextLoads()" classname="com.gym.BackendApplicationTests" time="1.191"/>
  <system-out><![CDATA[
  .   ____          _            __ _ _
 /\\ / ___'_ __ _ _(_)_ __  __ _ \ \ \ \
( ( )\___ | '_ | '_| | '_ \/ _` | \ \ \ \
 \\/  ___)| |_)| | | | | || (_| |  ) ) ) )
  '  |____| .__|_| |_|_| |_\__, | / / / /
 =========|_|==============|___/=/_/_/_/

 :: Spring Boot ::                (v3.4.9)

2025-08-27 18:09:09.269 INFO  [background-preinit] o.h.v.i.u.Version - HV000001: Hibernate Validator 8.0.3.Final
2025-08-27 18:09:09.303 INFO  [Test worker] c.g.BackendApplicationTests - Starting BackendApplicationTests using Java 17.0.14 with PID 21120 (started by kimsooheon in D:\developer_project\gym_reservation\backend)
2025-08-27 18:09:09.308 INFO  [Test worker] c.g.BackendApplicationTests - No active profile set, falling back to 1 default profile: "default"
2025-08-27 18:09:10.126 DEBUG [Test worker] o.a.i.l.LogFactory - Logging initialized using 'class org.apache.ibatis.logging.slf4j.Slf4jImpl' adapter.
2025-08-27 18:09:10.129 DEBUG [Test worker] o.m.s.m.ClassPathMapperScanner - Identified candidate component class: file [D:\developer_project\gym_reservation\backend\build\classes\java\main\com\gym\mapper\annotation\MemberMapper.class]
2025-08-27 18:09:10.131 DEBUG [Test worker] o.m.s.m.ClassPathMapperScanner - Creating MapperFactoryBean with name 'memberMapper' and 'com.gym.mapper.annotation.MemberMapper' mapperInterface
2025-08-27 18:09:10.133 DEBUG [Test worker] o.m.s.m.ClassPathMapperScanner - Enabling autowire by type for MapperFactoryBean with name 'memberMapper'.
2025-08-27 18:09:10.438 DEBUG [Test worker] o.m.s.SqlSessionFactoryBean - Property 'mapperLocations' was not specified.
2025-08-27 18:09:11.521 WARN  [Test worker] o.s.b.a.s.s.UserDetailsServiceAutoConfiguration - 

Using generated security password: 84899b0d-3f33-4ae7-a0a8-9c5cf73b0e8b

This generated password is for development use only. Your security configuration must be updated before running your application in production.

2025-08-27 18:09:11.562 INFO  [Test worker] o.s.s.c.a.a.c.InitializeUserDetailsBeanManagerConfigurer$InitializeUserDetailsManagerConfigurer - Global AuthenticationManager configured with UserDetailsService bean with name inMemoryUserDetailsManager
2025-08-27 18:09:11.852 INFO  [Test worker] c.g.BackendApplicationTests - Started BackendApplicationTests in 2.909 seconds (process running for 3.985)
]]></system-out>
  <system-err><![CDATA[]]></system-err>
</testsuite>
